2022/12/19 23:09:13 [emerg] 1#1: no "ssl_certificate" is defined for the "listen ... ssl" directive in /etc/nginx/conf.d/default.conf:52
2022/12/19 23:09:13 [emerg] 1#1: no "ssl_certificate" is defined for the "listen ... ssl" directive in /etc/nginx/conf.d/default.conf:52
2022/12/19 23:09:14 [emerg] 1#1: no "ssl_certificate" is defined for the "listen ... ssl" directive in /etc/nginx/conf.d/default.conf:52
2022/12/19 23:09:15 [emerg] 1#1: no "ssl_certificate" is defined for the "listen ... ssl" directive in /etc/nginx/conf.d/default.conf:52
2022/12/19 23:09:17 [emerg] 1#1: no "ssl_certificate" is defined for the "listen ... ssl" directive in /etc/nginx/conf.d/default.conf:52
2022/12/19 23:09:19 [emerg] 1#1: no "ssl_certificate" is defined for the "listen ... ssl" directive in /etc/nginx/conf.d/default.conf:52
2022/12/19 23:09:23 [emerg] 1#1: no "ssl_certificate" is defined for the "listen ... ssl" directive in /etc/nginx/conf.d/default.conf:52
2022/12/19 23:09:30 [emerg] 1#1: no "ssl_certificate" is defined for the "listen ... ssl" directive in /etc/nginx/conf.d/default.conf:52
2022/12/19 23:09:43 [emerg] 1#1: no "ssl_certificate" is defined for the "listen ... ssl" directive in /etc/nginx/conf.d/default.conf:52
2022/12/19 23:10:09 [emerg] 1#1: no "ssl_certificate" is defined for the "listen ... ssl" directive in /etc/nginx/conf.d/default.conf:52
2022/12/19 23:11:01 [emerg] 1#1: no "ssl_certificate" is defined for the "listen ... ssl" directive in /etc/nginx/conf.d/default.conf:52
2022/12/19 23:12:01 [emerg] 1#1: no "ssl_certificate" is defined for the "listen ... ssl" directive in /etc/nginx/conf.d/default.conf:52
2022/12/19 23:13:01 [emerg] 1#1: no "ssl_certificate" is defined for the "listen ... ssl" directive in /etc/nginx/conf.d/default.conf:52
2022/12/19 23:14:42 [emerg] 1#1: no "ssl_certificate" is defined for the "listen ... ssl" directive in /etc/nginx/conf.d/default.conf:52
2022/12/19 23:14:43 [emerg] 1#1: no "ssl_certificate" is defined for the "listen ... ssl" directive in /etc/nginx/conf.d/default.conf:52
2022/12/19 23:14:43 [emerg] 1#1: no "ssl_certificate" is defined for the "listen ... ssl" directive in /etc/nginx/conf.d/default.conf:52
2022/12/19 23:14:44 [emerg] 1#1: no "ssl_certificate" is defined for the "listen ... ssl" directive in /etc/nginx/conf.d/default.conf:52
2022/12/19 23:14:46 [emerg] 1#1: no "ssl_certificate" is defined for the "listen ... ssl" directive in /etc/nginx/conf.d/default.conf:52
2022/12/19 23:14:48 [emerg] 1#1: no "ssl_certificate" is defined for the "listen ... ssl" directive in /etc/nginx/conf.d/default.conf:52
2022/12/19 23:14:51 [emerg] 1#1: no "ssl_certificate" is defined for the "listen ... ssl" directive in /etc/nginx/conf.d/default.conf:52
2022/12/19 23:14:58 [emerg] 1#1: no "ssl_certificate" is defined for the "listen ... ssl" directive in /etc/nginx/conf.d/default.conf:52
2022/12/19 23:15:11 [emerg] 1#1: no "ssl_certificate" is defined for the "listen ... ssl" directive in /etc/nginx/conf.d/default.conf:52
2022/12/19 23:15:37 [emerg] 1#1: no "ssl_certificate" is defined for the "listen ... ssl" directive in /etc/nginx/conf.d/default.conf:52
2022/12/19 23:16:29 [emerg] 1#1: unknown directive "default.conf" in /etc/nginx/conf.d/default.conf:3
2022/12/19 23:17:29 [notice] 1#1: using the "epoll" event method
2022/12/19 23:17:29 [notice] 1#1: nginx/1.23.3
2022/12/19 23:17:29 [notice] 1#1: built by gcc 10.2.1 20210110 (Debian 10.2.1-6) 
2022/12/19 23:17:29 [notice] 1#1: OS: Linux 5.15.49-linuxkit
2022/12/19 23:17:29 [notice] 1#1: getrlimit(RLIMIT_NOFILE): 1048576:1048576
2022/12/19 23:17:29 [notice] 1#1: start worker processes
2022/12/19 23:17:29 [notice] 1#1: start worker process 28
2022/12/19 23:17:29 [notice] 1#1: start worker process 29
2022/12/19 23:17:29 [notice] 1#1: start worker process 30
2022/12/19 23:17:29 [notice] 1#1: start worker process 31
2022/12/19 23:17:37 [notice] 1#1: signal 3 (SIGQUIT) received, shutting down
2022/12/19 23:17:37 [notice] 28#28: gracefully shutting down
2022/12/19 23:17:37 [notice] 28#28: exiting
2022/12/19 23:17:37 [notice] 30#30: gracefully shutting down
2022/12/19 23:17:37 [notice] 30#30: exiting
2022/12/19 23:17:37 [notice] 31#31: gracefully shutting down
2022/12/19 23:17:37 [notice] 29#29: gracefully shutting down
2022/12/19 23:17:37 [notice] 28#28: exit
2022/12/19 23:17:37 [notice] 30#30: exit
2022/12/19 23:17:37 [notice] 31#31: exiting
2022/12/19 23:17:37 [notice] 29#29: exiting
2022/12/19 23:17:37 [notice] 31#31: exit
2022/12/19 23:17:37 [notice] 29#29: exit
2022/12/19 23:17:37 [notice] 1#1: signal 17 (SIGCHLD) received from 28
2022/12/19 23:17:37 [notice] 1#1: worker process 28 exited with code 0
2022/12/19 23:17:37 [notice] 1#1: signal 29 (SIGIO) received
2022/12/19 23:17:37 [notice] 1#1: signal 17 (SIGCHLD) received from 30
2022/12/19 23:17:37 [notice] 1#1: worker process 30 exited with code 0
2022/12/19 23:17:37 [notice] 1#1: signal 29 (SIGIO) received
2022/12/19 23:17:37 [notice] 1#1: signal 17 (SIGCHLD) received from 31
2022/12/19 23:17:37 [notice] 1#1: worker process 31 exited with code 0
2022/12/19 23:17:37 [notice] 1#1: worker process 29 exited with code 0
2022/12/19 23:17:37 [notice] 1#1: exit
2022/12/19 23:18:33 [notice] 1#1: using the "epoll" event method
2022/12/19 23:18:33 [notice] 1#1: nginx/1.23.3
2022/12/19 23:18:33 [notice] 1#1: built by gcc 10.2.1 20210110 (Debian 10.2.1-6) 
2022/12/19 23:18:33 [notice] 1#1: OS: Linux 5.15.49-linuxkit
2022/12/19 23:18:33 [notice] 1#1: getrlimit(RLIMIT_NOFILE): 1048576:1048576
2022/12/19 23:18:33 [notice] 1#1: start worker processes
2022/12/19 23:18:33 [notice] 1#1: start worker process 27
2022/12/19 23:18:33 [notice] 1#1: start worker process 28
2022/12/19 23:18:33 [notice] 1#1: start worker process 29
2022/12/19 23:18:33 [notice] 1#1: start worker process 30
2022/12/19 23:20:06 [notice] 1#1: signal 3 (SIGQUIT) received, shutting down
2022/12/19 23:20:06 [notice] 27#27: gracefully shutting down
2022/12/19 23:20:06 [notice] 27#27: exiting
2022/12/19 23:20:06 [notice] 29#29: gracefully shutting down
2022/12/19 23:20:06 [notice] 29#29: exiting
2022/12/19 23:20:06 [notice] 28#28: gracefully shutting down
2022/12/19 23:20:06 [notice] 28#28: exiting
2022/12/19 23:20:06 [notice] 30#30: gracefully shutting down
2022/12/19 23:20:06 [notice] 27#27: exit
2022/12/19 23:20:06 [notice] 29#29: exit
2022/12/19 23:20:06 [notice] 28#28: exit
2022/12/19 23:20:06 [notice] 30#30: exiting
2022/12/19 23:20:06 [notice] 30#30: exit
2022/12/19 23:20:06 [notice] 1#1: signal 17 (SIGCHLD) received from 29
2022/12/19 23:20:06 [notice] 1#1: worker process 29 exited with code 0
2022/12/19 23:20:06 [notice] 1#1: signal 29 (SIGIO) received
2022/12/19 23:20:06 [notice] 1#1: signal 17 (SIGCHLD) received from 27
2022/12/19 23:20:06 [notice] 1#1: worker process 27 exited with code 0
2022/12/19 23:20:06 [notice] 1#1: signal 29 (SIGIO) received
2022/12/19 23:20:06 [notice] 1#1: signal 17 (SIGCHLD) received from 28
2022/12/19 23:20:06 [notice] 1#1: worker process 28 exited with code 0
2022/12/19 23:20:06 [notice] 1#1: worker process 30 exited with code 0
2022/12/19 23:20:06 [notice] 1#1: exit
2022/12/19 23:21:38 [notice] 1#1: using the "epoll" event method
2022/12/19 23:21:38 [notice] 1#1: nginx/1.23.3
2022/12/19 23:21:38 [notice] 1#1: built by gcc 10.2.1 20210110 (Debian 10.2.1-6) 
2022/12/19 23:21:38 [notice] 1#1: OS: Linux 5.15.49-linuxkit
2022/12/19 23:21:38 [notice] 1#1: getrlimit(RLIMIT_NOFILE): 1048576:1048576
2022/12/19 23:21:38 [notice] 1#1: start worker processes
2022/12/19 23:21:38 [notice] 1#1: start worker process 28
2022/12/19 23:21:38 [notice] 1#1: start worker process 29
2022/12/19 23:21:38 [notice] 1#1: start worker process 30
2022/12/19 23:21:38 [notice] 1#1: start worker process 31
2022/12/19 23:26:24 [notice] 1#1: signal 3 (SIGQUIT) received, shutting down
2022/12/19 23:26:24 [notice] 28#28: gracefully shutting down
2022/12/19 23:26:24 [notice] 29#29: gracefully shutting down
2022/12/19 23:26:24 [notice] 29#29: exiting
2022/12/19 23:26:24 [notice] 30#30: gracefully shutting down
2022/12/19 23:26:24 [notice] 30#30: exiting
2022/12/19 23:26:24 [notice] 31#31: gracefully shutting down
2022/12/19 23:26:24 [notice] 31#31: exiting
2022/12/19 23:26:24 [notice] 28#28: exiting
2022/12/19 23:26:24 [notice] 29#29: exit
2022/12/19 23:26:24 [notice] 30#30: exit
2022/12/19 23:26:24 [notice] 31#31: exit
2022/12/19 23:26:24 [notice] 28#28: exit
2022/12/19 23:26:24 [notice] 1#1: signal 17 (SIGCHLD) received from 30
2022/12/19 23:26:24 [notice] 1#1: worker process 30 exited with code 0
2022/12/19 23:26:24 [notice] 1#1: signal 29 (SIGIO) received
2022/12/19 23:26:24 [notice] 1#1: signal 17 (SIGCHLD) received from 31
2022/12/19 23:26:24 [notice] 1#1: worker process 28 exited with code 0
2022/12/19 23:26:24 [notice] 1#1: worker process 31 exited with code 0
2022/12/19 23:26:24 [notice] 1#1: signal 29 (SIGIO) received
2022/12/19 23:26:24 [notice] 1#1: signal 17 (SIGCHLD) received from 28
2022/12/19 23:26:24 [notice] 1#1: worker process 29 exited with code 0
2022/12/19 23:26:24 [notice] 1#1: exit
2022/12/19 23:27:15 [notice] 1#1: using the "epoll" event method
2022/12/19 23:27:15 [notice] 1#1: nginx/1.23.3
2022/12/19 23:27:15 [notice] 1#1: built by gcc 10.2.1 20210110 (Debian 10.2.1-6) 
2022/12/19 23:27:15 [notice] 1#1: OS: Linux 5.15.49-linuxkit
2022/12/19 23:27:15 [notice] 1#1: getrlimit(RLIMIT_NOFILE): 1048576:1048576
2022/12/19 23:27:15 [notice] 1#1: start worker processes
2022/12/19 23:27:15 [notice] 1#1: start worker process 28
2022/12/19 23:27:15 [notice] 1#1: start worker process 29
2022/12/19 23:27:15 [notice] 1#1: start worker process 30
2022/12/19 23:27:15 [notice] 1#1: start worker process 31
2022/12/19 23:30:11 [notice] 1#1: signal 3 (SIGQUIT) received, shutting down
2022/12/19 23:30:11 [notice] 28#28: gracefully shutting down
2022/12/19 23:30:11 [notice] 28#28: exiting
2022/12/19 23:30:11 [notice] 29#29: gracefully shutting down
2022/12/19 23:30:11 [notice] 30#30: gracefully shutting down
2022/12/19 23:30:11 [notice] 30#30: exiting
2022/12/19 23:30:11 [notice] 31#31: gracefully shutting down
2022/12/19 23:30:11 [notice] 31#31: exiting
2022/12/19 23:30:11 [notice] 28#28: exit
2022/12/19 23:30:11 [notice] 29#29: exiting
2022/12/19 23:30:11 [notice] 30#30: exit
2022/12/19 23:30:11 [notice] 31#31: exit
2022/12/19 23:30:11 [notice] 29#29: exit
2022/12/19 23:30:11 [notice] 1#1: signal 17 (SIGCHLD) received from 29
2022/12/19 23:30:11 [notice] 1#1: worker process 28 exited with code 0
2022/12/19 23:30:11 [notice] 1#1: worker process 29 exited with code 0
2022/12/19 23:30:11 [notice] 1#1: worker process 30 exited with code 0
2022/12/19 23:30:11 [notice] 1#1: worker process 31 exited with code 0
2022/12/19 23:30:11 [notice] 1#1: exit
2022/12/19 23:31:15 [notice] 1#1: using the "epoll" event method
2022/12/19 23:31:15 [notice] 1#1: nginx/1.23.3
2022/12/19 23:31:15 [notice] 1#1: built by gcc 10.2.1 20210110 (Debian 10.2.1-6) 
2022/12/19 23:31:15 [notice] 1#1: OS: Linux 5.15.49-linuxkit
2022/12/19 23:31:15 [notice] 1#1: getrlimit(RLIMIT_NOFILE): 1048576:1048576
2022/12/19 23:31:15 [notice] 1#1: start worker processes
2022/12/19 23:31:15 [notice] 1#1: start worker process 28
2022/12/19 23:31:15 [notice] 1#1: start worker process 29
2022/12/19 23:31:15 [notice] 1#1: start worker process 30
2022/12/19 23:31:15 [notice] 1#1: start worker process 31
2022/12/19 23:31:30 [notice] 1#1: signal 3 (SIGQUIT) received, shutting down
2022/12/19 23:31:30 [notice] 28#28: gracefully shutting down
2022/12/19 23:31:30 [notice] 28#28: exiting
2022/12/19 23:31:30 [notice] 30#30: gracefully shutting down
2022/12/19 23:31:30 [notice] 31#31: gracefully shutting down
2022/12/19 23:31:30 [notice] 31#31: exiting
2022/12/19 23:31:30 [notice] 29#29: gracefully shutting down
2022/12/19 23:31:30 [notice] 29#29: exiting
2022/12/19 23:31:30 [notice] 28#28: exit
2022/12/19 23:31:30 [notice] 30#30: exiting
2022/12/19 23:31:30 [notice] 31#31: exit
2022/12/19 23:31:30 [notice] 29#29: exit
2022/12/19 23:31:30 [notice] 30#30: exit
2022/12/19 23:31:30 [notice] 1#1: signal 17 (SIGCHLD) received from 31
2022/12/19 23:31:30 [notice] 1#1: worker process 31 exited with code 0
2022/12/19 23:31:30 [notice] 1#1: signal 29 (SIGIO) received
2022/12/19 23:31:30 [notice] 1#1: signal 17 (SIGCHLD) received from 28
2022/12/19 23:31:30 [notice] 1#1: worker process 28 exited with code 0
2022/12/19 23:31:30 [notice] 1#1: signal 29 (SIGIO) received
2022/12/19 23:31:30 [notice] 1#1: signal 17 (SIGCHLD) received from 29
2022/12/19 23:31:30 [notice] 1#1: worker process 29 exited with code 0
2022/12/19 23:31:30 [notice] 1#1: worker process 30 exited with code 0
2022/12/19 23:31:30 [notice] 1#1: exit
2022/12/19 23:32:39 [notice] 1#1: using the "epoll" event method
2022/12/19 23:32:39 [notice] 1#1: nginx/1.23.3
2022/12/19 23:32:39 [notice] 1#1: built by gcc 10.2.1 20210110 (Debian 10.2.1-6) 
2022/12/19 23:32:39 [notice] 1#1: OS: Linux 5.15.49-linuxkit
2022/12/19 23:32:39 [notice] 1#1: getrlimit(RLIMIT_NOFILE): 1048576:1048576
2022/12/19 23:32:39 [notice] 1#1: start worker processes
2022/12/19 23:32:39 [notice] 1#1: start worker process 28
2022/12/19 23:32:39 [notice] 1#1: start worker process 29
2022/12/19 23:32:39 [notice] 1#1: start worker process 30
2022/12/19 23:32:39 [notice] 1#1: start worker process 31
2022/12/19 23:35:22 [notice] 1#1: signal 3 (SIGQUIT) received, shutting down
2022/12/19 23:35:22 [notice] 28#28: gracefully shutting down
2022/12/19 23:35:22 [notice] 29#29: gracefully shutting down
2022/12/19 23:35:22 [notice] 29#29: exiting
2022/12/19 23:35:22 [notice] 30#30: gracefully shutting down
2022/12/19 23:35:22 [notice] 30#30: exiting
2022/12/19 23:35:22 [notice] 31#31: gracefully shutting down
2022/12/19 23:35:22 [notice] 28#28: exiting
2022/12/19 23:35:22 [notice] 29#29: exit
2022/12/19 23:35:22 [notice] 30#30: exit
2022/12/19 23:35:22 [notice] 31#31: exiting
2022/12/19 23:35:22 [notice] 31#31: exit
2022/12/19 23:35:22 [notice] 28#28: exit
2022/12/19 23:35:22 [notice] 1#1: signal 17 (SIGCHLD) received from 29
2022/12/19 23:35:22 [notice] 1#1: worker process 29 exited with code 0
2022/12/19 23:35:22 [notice] 1#1: signal 29 (SIGIO) received
2022/12/19 23:35:22 [notice] 1#1: signal 17 (SIGCHLD) received from 30
2022/12/19 23:35:22 [notice] 1#1: worker process 30 exited with code 0
2022/12/19 23:35:22 [notice] 1#1: signal 29 (SIGIO) received
2022/12/19 23:35:22 [notice] 1#1: signal 17 (SIGCHLD) received from 31
2022/12/19 23:35:22 [notice] 1#1: worker process 31 exited with code 0
2022/12/19 23:35:22 [notice] 1#1: signal 29 (SIGIO) received
2022/12/19 23:35:22 [notice] 1#1: signal 17 (SIGCHLD) received from 28
2022/12/19 23:35:22 [notice] 1#1: worker process 28 exited with code 0
2022/12/19 23:35:22 [notice] 1#1: exit
2022/12/19 23:39:57 [notice] 1#1: using the "epoll" event method
2022/12/19 23:39:57 [notice] 1#1: nginx/1.23.3
2022/12/19 23:39:57 [notice] 1#1: built by gcc 10.2.1 20210110 (Debian 10.2.1-6) 
2022/12/19 23:39:57 [notice] 1#1: OS: Linux 5.15.49-linuxkit
2022/12/19 23:39:57 [notice] 1#1: getrlimit(RLIMIT_NOFILE): 1048576:1048576
2022/12/19 23:39:57 [notice] 1#1: start worker processes
2022/12/19 23:39:57 [notice] 1#1: start worker process 28
2022/12/19 23:39:57 [notice] 1#1: start worker process 29
2022/12/19 23:39:57 [notice] 1#1: start worker process 30
2022/12/19 23:39:57 [notice] 1#1: start worker process 31
2022/12/19 23:49:59 [notice] 1#1: signal 3 (SIGQUIT) received, shutting down
2022/12/19 23:49:59 [notice] 28#28: gracefully shutting down
2022/12/19 23:49:59 [notice] 31#31: gracefully shutting down
2022/12/19 23:49:59 [notice] 31#31: exiting
2022/12/19 23:49:59 [notice] 29#29: gracefully shutting down
2022/12/19 23:49:59 [notice] 29#29: exiting
2022/12/19 23:49:59 [notice] 30#30: gracefully shutting down
2022/12/19 23:49:59 [notice] 28#28: exiting
2022/12/19 23:49:59 [notice] 31#31: exit
2022/12/19 23:49:59 [notice] 29#29: exit
2022/12/19 23:49:59 [notice] 30#30: exiting
2022/12/19 23:49:59 [notice] 30#30: exit
2022/12/19 23:49:59 [notice] 28#28: exit
2022/12/19 23:49:59 [notice] 1#1: signal 17 (SIGCHLD) received from 31
2022/12/19 23:49:59 [notice] 1#1: worker process 29 exited with code 0
2022/12/19 23:49:59 [notice] 1#1: worker process 30 exited with code 0
2022/12/19 23:49:59 [notice] 1#1: worker process 31 exited with code 0
2022/12/19 23:49:59 [notice] 1#1: signal 29 (SIGIO) received
2022/12/19 23:49:59 [notice] 1#1: signal 17 (SIGCHLD) received from 30
2022/12/19 23:49:59 [notice] 1#1: worker process 28 exited with code 0
2022/12/19 23:49:59 [notice] 1#1: exit
2022/12/20 01:24:14 [notice] 1#1: using the "epoll" event method
2022/12/20 01:24:14 [notice] 1#1: nginx/1.23.3
2022/12/20 01:24:14 [notice] 1#1: built by gcc 10.2.1 20210110 (Debian 10.2.1-6) 
2022/12/20 01:24:14 [notice] 1#1: OS: Linux 5.15.49-linuxkit
2022/12/20 01:24:14 [notice] 1#1: getrlimit(RLIMIT_NOFILE): 1048576:1048576
2022/12/20 01:24:14 [notice] 1#1: start worker processes
2022/12/20 01:24:14 [notice] 1#1: start worker process 28
2022/12/20 01:24:14 [notice] 1#1: start worker process 29
2022/12/20 01:24:14 [notice] 1#1: start worker process 30
2022/12/20 01:24:14 [notice] 1#1: start worker process 31
2022/12/20 17:59:19 [notice] 1#1: signal 3 (SIGQUIT) received, shutting down
2022/12/20 17:59:19 [notice] 29#29: gracefully shutting down
2022/12/20 17:59:19 [notice] 29#29: exiting
2022/12/20 17:59:19 [notice] 28#28: gracefully shutting down
2022/12/20 17:59:19 [notice] 31#31: gracefully shutting down
2022/12/20 17:59:19 [notice] 31#31: exiting
2022/12/20 17:59:19 [notice] 30#30: gracefully shutting down
2022/12/20 17:59:19 [notice] 29#29: exit
2022/12/20 17:59:19 [notice] 28#28: exiting
2022/12/20 17:59:19 [notice] 31#31: exit
2022/12/20 17:59:19 [notice] 30#30: exiting
2022/12/20 17:59:19 [notice] 28#28: exit
2022/12/20 17:59:19 [notice] 30#30: exit
2022/12/20 17:59:19 [notice] 1#1: signal 17 (SIGCHLD) received from 29
2022/12/20 17:59:19 [notice] 1#1: worker process 29 exited with code 0
2022/12/20 17:59:19 [notice] 1#1: signal 29 (SIGIO) received
2022/12/20 17:59:19 [notice] 1#1: signal 17 (SIGCHLD) received from 30
2022/12/20 17:59:19 [notice] 1#1: worker process 28 exited with code 0
2022/12/20 17:59:19 [notice] 1#1: worker process 30 exited with code 0
2022/12/20 17:59:19 [notice] 1#1: worker process 31 exited with code 0
2022/12/20 17:59:19 [notice] 1#1: exit
2022/12/20 18:27:52 [notice] 1#1: using the "epoll" event method
2022/12/20 18:27:52 [notice] 1#1: nginx/1.23.3
2022/12/20 18:27:52 [notice] 1#1: built by gcc 10.2.1 20210110 (Debian 10.2.1-6) 
2022/12/20 18:27:52 [notice] 1#1: OS: Linux 5.15.49-linuxkit
2022/12/20 18:27:52 [notice] 1#1: getrlimit(RLIMIT_NOFILE): 1048576:1048576
2022/12/20 18:27:52 [notice] 1#1: start worker processes
2022/12/20 18:27:52 [notice] 1#1: start worker process 28
2022/12/20 18:27:52 [notice] 1#1: start worker process 29
2022/12/20 18:27:52 [notice] 1#1: start worker process 30
2022/12/20 18:27:52 [notice] 1#1: start worker process 31
2022/12/20 18:39:51 [notice] 1#1: signal 3 (SIGQUIT) received, shutting down
2022/12/20 18:39:51 [notice] 30#30: gracefully shutting down
2022/12/20 18:39:51 [notice] 30#30: exiting
2022/12/20 18:39:51 [notice] 29#29: gracefully shutting down
2022/12/20 18:39:51 [notice] 31#31: gracefully shutting down
2022/12/20 18:39:51 [notice] 31#31: exiting
2022/12/20 18:39:51 [notice] 28#28: gracefully shutting down
2022/12/20 18:39:51 [notice] 30#30: exit
2022/12/20 18:39:51 [notice] 29#29: exiting
2022/12/20 18:39:51 [notice] 31#31: exit
2022/12/20 18:39:51 [notice] 28#28: exiting
2022/12/20 18:39:51 [notice] 29#29: exit
2022/12/20 18:39:51 [notice] 28#28: exit
2022/12/20 18:39:51 [notice] 1#1: signal 17 (SIGCHLD) received from 30
2022/12/20 18:39:51 [notice] 1#1: worker process 30 exited with code 0
2022/12/20 18:39:51 [notice] 1#1: signal 29 (SIGIO) received
2022/12/20 18:39:51 [notice] 1#1: signal 17 (SIGCHLD) received from 31
2022/12/20 18:39:51 [notice] 1#1: worker process 31 exited with code 0
2022/12/20 18:39:51 [notice] 1#1: worker process 29 exited with code 0
2022/12/20 18:39:51 [notice] 1#1: signal 29 (SIGIO) received
2022/12/20 18:39:51 [notice] 1#1: signal 17 (SIGCHLD) received from 29
2022/12/20 18:39:51 [notice] 1#1: worker process 28 exited with code 0
2022/12/20 18:39:51 [notice] 1#1: exit
2022/12/20 18:39:51 [notice] 1#1: using the "epoll" event method
2022/12/20 18:39:51 [notice] 1#1: nginx/1.23.3
2022/12/20 18:39:51 [notice] 1#1: built by gcc 10.2.1 20210110 (Debian 10.2.1-6) 
2022/12/20 18:39:51 [notice] 1#1: OS: Linux 5.15.49-linuxkit
2022/12/20 18:39:51 [notice] 1#1: getrlimit(RLIMIT_NOFILE): 1048576:1048576
2022/12/20 18:39:51 [notice] 1#1: start worker processes
2022/12/20 18:39:51 [notice] 1#1: start worker process 28
2022/12/20 18:39:51 [notice] 1#1: start worker process 29
2022/12/20 18:39:51 [notice] 1#1: start worker process 30
2022/12/20 18:39:51 [notice] 1#1: start worker process 31
2022/12/22 16:06:17 [notice] 1#1: using the "epoll" event method
2022/12/22 16:06:17 [notice] 1#1: nginx/1.23.3
2022/12/22 16:06:17 [notice] 1#1: built by gcc 10.2.1 20210110 (Debian 10.2.1-6) 
2022/12/22 16:06:17 [notice] 1#1: OS: Linux 5.15.49-linuxkit
2022/12/22 16:06:17 [notice] 1#1: getrlimit(RLIMIT_NOFILE): 1048576:1048576
2022/12/22 16:06:17 [notice] 1#1: start worker processes
2022/12/22 16:06:17 [notice] 1#1: start worker process 28
2022/12/22 16:06:17 [notice] 1#1: start worker process 29
2022/12/22 16:06:17 [notice] 1#1: start worker process 30
2022/12/22 16:06:17 [notice] 1#1: start worker process 31
2022/12/29 21:42:16 [notice] 1#1: using the "epoll" event method
2022/12/29 21:42:16 [notice] 1#1: nginx/1.23.3
2022/12/29 21:42:16 [notice] 1#1: built by gcc 10.2.1 20210110 (Debian 10.2.1-6) 
2022/12/29 21:42:16 [notice] 1#1: OS: Linux 5.15.49-linuxkit
2022/12/29 21:42:16 [notice] 1#1: getrlimit(RLIMIT_NOFILE): 1048576:1048576
2022/12/29 21:42:16 [notice] 1#1: start worker processes
2022/12/29 21:42:16 [notice] 1#1: start worker process 28
2022/12/29 21:42:16 [notice] 1#1: start worker process 29
2022/12/29 21:42:16 [notice] 1#1: start worker process 30
2022/12/29 21:42:16 [notice] 1#1: start worker process 31
2022/12/29 21:42:36 [notice] 1#1: signal 3 (SIGQUIT) received, shutting down
2022/12/29 21:42:36 [notice] 29#29: gracefully shutting down
2022/12/29 21:42:36 [notice] 30#30: gracefully shutting down
2022/12/29 21:42:36 [notice] 31#31: gracefully shutting down
2022/12/29 21:42:36 [notice] 28#28: gracefully shutting down
2022/12/29 21:42:36 [notice] 29#29: exiting
2022/12/29 21:42:36 [notice] 30#30: exiting
2022/12/29 21:42:36 [notice] 31#31: exiting
2022/12/29 21:42:36 [notice] 28#28: exiting
2022/12/29 21:42:36 [notice] 29#29: exit
2022/12/29 21:42:36 [notice] 30#30: exit
2022/12/29 21:42:36 [notice] 31#31: exit
2022/12/29 21:42:36 [notice] 28#28: exit
2022/12/29 21:42:36 [notice] 1#1: signal 17 (SIGCHLD) received from 29
2022/12/29 21:42:36 [notice] 1#1: worker process 29 exited with code 0
2022/12/29 21:42:36 [notice] 1#1: signal 29 (SIGIO) received
2022/12/29 21:42:36 [notice] 1#1: signal 17 (SIGCHLD) received from 31
2022/12/29 21:42:36 [notice] 1#1: worker process 30 exited with code 0
2022/12/29 21:42:36 [notice] 1#1: worker process 31 exited with code 0
2022/12/29 21:42:36 [notice] 1#1: signal 29 (SIGIO) received
2022/12/29 21:42:36 [notice] 1#1: signal 17 (SIGCHLD) received from 30
2022/12/29 21:42:36 [notice] 1#1: worker process 28 exited with code 0
2022/12/29 21:42:36 [notice] 1#1: exit
2022/12/29 22:03:41 [emerg] 1#1: host not found in upstream "wordpress" in /etc/nginx/conf.d/default.conf:23
2022/12/29 22:03:41 [emerg] 1#1: host not found in upstream "wordpress" in /etc/nginx/conf.d/default.conf:23
2022/12/29 22:03:41 [emerg] 1#1: host not found in upstream "wordpress" in /etc/nginx/conf.d/default.conf:23
2022/12/29 22:03:42 [emerg] 1#1: host not found in upstream "wordpress" in /etc/nginx/conf.d/default.conf:23
2022/12/29 22:05:07 [notice] 1#1: using the "epoll" event method
2022/12/29 22:05:07 [notice] 1#1: nginx/1.23.3
2022/12/29 22:05:07 [notice] 1#1: built by gcc 10.2.1 20210110 (Debian 10.2.1-6) 
2022/12/29 22:05:07 [notice] 1#1: OS: Linux 5.15.49-linuxkit
2022/12/29 22:05:07 [notice] 1#1: getrlimit(RLIMIT_NOFILE): 1048576:1048576
2022/12/29 22:05:07 [notice] 1#1: start worker processes
2022/12/29 22:05:07 [notice] 1#1: start worker process 28
2022/12/29 22:05:07 [notice] 1#1: start worker process 29
2022/12/29 22:05:07 [notice] 1#1: start worker process 30
2022/12/29 22:05:07 [notice] 1#1: start worker process 31
2022/12/29 22:09:36 [notice] 1#1: signal 3 (SIGQUIT) received, shutting down
2022/12/29 22:09:36 [notice] 30#30: gracefully shutting down
2022/12/29 22:09:36 [notice] 29#29: gracefully shutting down
2022/12/29 22:09:36 [notice] 28#28: gracefully shutting down
2022/12/29 22:09:36 [notice] 31#31: gracefully shutting down
2022/12/29 22:09:36 [notice] 30#30: exiting
2022/12/29 22:09:36 [notice] 29#29: exiting
2022/12/29 22:09:36 [notice] 28#28: exiting
2022/12/29 22:09:36 [notice] 31#31: exiting
2022/12/29 22:09:36 [notice] 30#30: exit
2022/12/29 22:09:36 [notice] 29#29: exit
2022/12/29 22:09:36 [notice] 28#28: exit
2022/12/29 22:09:36 [notice] 31#31: exit
2022/12/29 22:09:36 [notice] 1#1: signal 17 (SIGCHLD) received from 29
2022/12/29 22:09:36 [notice] 1#1: worker process 29 exited with code 0
2022/12/29 22:09:36 [notice] 1#1: signal 29 (SIGIO) received
2022/12/29 22:09:36 [notice] 1#1: signal 17 (SIGCHLD) received from 28
2022/12/29 22:09:36 [notice] 1#1: worker process 28 exited with code 0
2022/12/29 22:09:36 [notice] 1#1: worker process 30 exited with code 0
2022/12/29 22:09:36 [notice] 1#1: worker process 31 exited with code 0
2022/12/29 22:09:36 [notice] 1#1: exit
2022/12/29 22:21:26 [notice] 1#1: using the "epoll" event method
2022/12/29 22:21:26 [notice] 1#1: nginx/1.23.3
2022/12/29 22:21:26 [notice] 1#1: built by gcc 10.2.1 20210110 (Debian 10.2.1-6) 
2022/12/29 22:21:26 [notice] 1#1: OS: Linux 5.15.49-linuxkit
2022/12/29 22:21:26 [notice] 1#1: getrlimit(RLIMIT_NOFILE): 1048576:1048576
2022/12/29 22:21:26 [notice] 1#1: start worker processes
2022/12/29 22:21:26 [notice] 1#1: start worker process 28
2022/12/29 22:21:26 [notice] 1#1: start worker process 29
2022/12/29 22:21:26 [notice] 1#1: start worker process 30
2022/12/29 22:21:26 [notice] 1#1: start worker process 31
2022/12/29 23:45:37 [notice] 1#1: signal 3 (SIGQUIT) received, shutting down
2022/12/29 23:45:37 [notice] 28#28: gracefully shutting down
2022/12/29 23:45:37 [notice] 31#31: gracefully shutting down
2022/12/29 23:45:37 [notice] 29#29: gracefully shutting down
2022/12/29 23:45:37 [notice] 30#30: gracefully shutting down
2022/12/29 23:45:37 [notice] 29#29: exiting
2022/12/29 23:45:37 [notice] 30#30: exiting
2022/12/29 23:45:37 [notice] 28#28: exiting
2022/12/29 23:45:37 [notice] 31#31: exiting
2022/12/29 23:45:37 [notice] 29#29: exit
2022/12/29 23:45:37 [notice] 30#30: exit
2022/12/29 23:45:37 [notice] 28#28: exit
2022/12/29 23:45:37 [notice] 31#31: exit
2022/12/29 23:45:37 [notice] 1#1: signal 17 (SIGCHLD) received from 28
2022/12/29 23:45:37 [notice] 1#1: worker process 28 exited with code 0
2022/12/29 23:45:37 [notice] 1#1: signal 29 (SIGIO) received
2022/12/29 23:45:37 [notice] 1#1: signal 17 (SIGCHLD) received from 30
2022/12/29 23:45:37 [notice] 1#1: worker process 29 exited with code 0
2022/12/29 23:45:37 [notice] 1#1: worker process 30 exited with code 0
2022/12/29 23:45:37 [notice] 1#1: worker process 31 exited with code 0
2022/12/29 23:45:37 [notice] 1#1: exit
2023/01/04 00:04:26 [notice] 1#1: using the "epoll" event method
2023/01/04 00:04:26 [notice] 1#1: nginx/1.23.3
2023/01/04 00:04:26 [notice] 1#1: built by gcc 10.2.1 20210110 (Debian 10.2.1-6) 
2023/01/04 00:04:26 [notice] 1#1: OS: Linux 5.15.49-linuxkit
2023/01/04 00:04:26 [notice] 1#1: getrlimit(RLIMIT_NOFILE): 1048576:1048576
2023/01/04 00:04:26 [notice] 1#1: start worker processes
2023/01/04 00:04:26 [notice] 1#1: start worker process 28
2023/01/04 00:04:26 [notice] 1#1: start worker process 29
2023/01/04 00:04:26 [notice] 1#1: start worker process 30
2023/01/04 00:04:26 [notice] 1#1: start worker process 31
2023/01/04 00:05:10 [notice] 1#1: using the "epoll" event method
2023/01/04 00:05:10 [notice] 1#1: nginx/1.23.3
2023/01/04 00:05:10 [notice] 1#1: built by gcc 10.2.1 20210110 (Debian 10.2.1-6) 
2023/01/04 00:05:10 [notice] 1#1: OS: Linux 5.15.49-linuxkit
2023/01/04 00:05:10 [notice] 1#1: getrlimit(RLIMIT_NOFILE): 1048576:1048576
2023/01/04 00:05:10 [notice] 1#1: start worker processes
2023/01/04 00:05:10 [notice] 1#1: start worker process 28
2023/01/04 00:05:10 [notice] 1#1: start worker process 29
2023/01/04 00:05:10 [notice] 1#1: start worker process 30
2023/01/04 00:05:10 [notice] 1#1: start worker process 31
